20:56:55 **** Incremental Build of configuration Debug for project Password ****
make all 
Building file: ../main.c
Invoking: AVR Compiler
avr-gcc -Wall -g2 -gstabs -O0 -fpack-struct -fshort-enums -ffunction-sections -fdata-sections -std=gnu99 -funsigned-char -funsigned-bitfields -mmcu=atmega16 -DF_CPU=1000000UL -MMD -MP -MF"main.d" -MT"main.o" -c -o "main.o" "../main.c"
In file included from C:\ECLIPSE_WORK_SPACE\MG2_LCD\LCD_prog.c:9,
                 from ../main.c:9:
c:/winavr-20100110/lib/gcc/../../avr/include/util/delay.h:90:3: warning: #warning "Compiler optimizations disabled; functions from <util/delay.h> won't work as designed"
Finished building: ../main.c
 
Building target: Password.elf
Invoking: AVR C Linker
avr-gcc -Wl,-Map,Password.map -mmcu=atmega16 -o "Password.elf"  ./main.o   
./main.o: In function `main':
../main.c:91: undefined reference to `Switch_u8State'
../main.c:98: undefined reference to `Switch_u8State'
../main.c:101: undefined reference to `Switch_u8State'
../main.c:103: undefined reference to `Switch_u8State'
../main.c:102: undefined reference to `Switch_u8State'
./main.o:../main.c:104: more undefined references to `Switch_u8State' follow
./main.o: In function `main':
../main.c:91: undefined reference to `Switch_voidInitial'
make: *** [Password.elf] Error 1

20:56:56 Build Finished (took 550ms)

